<?xml version="1.0" encoding="UTF-8"?>
<testsuite name="org.hyperledger.fabric.samples.assettransfer.AssetTransferTest$TransferAssetTransaction" tests="2" skipped="0" failures="0" errors="0" timestamp="2021-11-08T10:57:06" hostname="ip-172-31-93-1" time="0.008">
  <properties/>
  <testcase name="whenAssetExists()" classname="org.hyperledger.fabric.samples.assettransfer.AssetTransferTest$TransferAssetTransaction" time="0.005"/>
  <testcase name="whenAssetDoesNotExist()" classname="org.hyperledger.fabric.samples.assettransfer.AssetTransferTest$TransferAssetTransaction" time="0.001"/>
  <system-out><![CDATA[Asset asset1 does not exist
]]></system-out>
  <system-err><![CDATA[]]></system-err>
</testsuite>
